2019-09-05 11:41:18,996 ERROR [com.huaixuan.network.web.action.exception.AdminExceptionResolver] - 
org.springframework.jdbc.BadSqlGrammarException: SqlMapClient operation; bad SQL grammar []; nested exception is com.ibatis.common.jdbc.exception.NestedSQLException:   
--- The error occurred while applying a parameter map.  
--- Check the selectShowTranList-InlineParameterMap.  
--- Check the statement (query failed).  
--- Cause: com.mysql.jdbc.exceptions.MySQLSyntaxErrorException: Unknown column 'c.name' in 'field list'
	at org.springframework.jdbc.support.SQLErrorCodeSQLExceptionTranslator.doTranslate(SQLErrorCodeSQLExceptionTranslator.java:233)
	at org.springframework.jdbc.support.AbstractFallbackSQLExceptionTranslator.translate(AbstractFallbackSQLExceptionTranslator.java:72)
	at org.springframework.orm.ibatis.SqlMapClientTemplate.execute(SqlMapClientTemplate.java:203)
	at org.springframework.orm.ibatis.SqlMapClientTemplate.queryForList(SqlMapClientTemplate.java:293)
	at com.huaixuan.network.biz.dao.product.impl.ProductDaoImpl.showTran(ProductDaoImpl.java:272)
	at sun.reflect.NativeMethodAccessorImpl.invoke0(Native Method)
	at sun.reflect.NativeMethodAccessorImpl.invoke(Unknown Source)
	at sun.reflect.DelegatingMethodAccessorImpl.invoke(Unknown Source)
	at java.lang.reflect.Method.invoke(Unknown Source)
	at org.springframework.aop.support.AopUtils.invokeJoinpointUsingReflection(AopUtils.java:309)
	at org.springframework.aop.framework.ReflectiveMethodInvocation.invokeJoinpoint(ReflectiveMethodInvocation.java:183)
	at org.springframework.aop.framework.ReflectiveMethodInvocation.proceed(ReflectiveMethodInvocation.java:150)
	at com.hundsun.network.melody.common.profiler.MethodProfileInterceptor.invokeWithProfile(MethodProfileInterceptor.java:36)
	at com.hundsun.network.melody.common.profiler.MethodProfileInterceptor.invoke(MethodProfileInterceptor.java:19)
	at org.springframework.aop.framework.ReflectiveMethodInvocation.proceed(ReflectiveMethodInvocation.java:172)
	at org.springframework.aop.framework.JdkDynamicAopProxy.invoke(JdkDynamicAopProxy.java:202)
	at sun.proxy.$Proxy89.showTran(Unknown Source)
	at com.huaixuan.network.biz.service.product.impl.ProductServiceImpl.getTransferList(ProductServiceImpl.java:1126)
	at sun.reflect.NativeMethodAccessorImpl.invoke0(Native Method)
	at sun.reflect.NativeMethodAccessorImpl.invoke(Unknown Source)
	at sun.reflect.DelegatingMethodAccessorImpl.invoke(Unknown Source)
	at java.lang.reflect.Method.invoke(Unknown Source)
	at org.springframework.aop.support.AopUtils.invokeJoinpointUsingReflection(AopUtils.java:309)
	at org.springframework.aop.framework.JdkDynamicAopProxy.invoke(JdkDynamicAopProxy.java:196)
	at sun.proxy.$Proxy240.getTransferList(Unknown Source)
	at sun.reflect.NativeMethodAccessorImpl.invoke0(Native Method)
	at sun.reflect.NativeMethodAccessorImpl.invoke(Unknown Source)
	at sun.reflect.DelegatingMethodAccessorImpl.invoke(Unknown Source)
	at java.lang.reflect.Method.invoke(Unknown Source)
	at org.springframework.aop.support.AopUtils.invokeJoinpointUsingReflection(AopUtils.java:309)
	at org.springframework.aop.framework.ReflectiveMethodInvocation.invokeJoinpoint(ReflectiveMethodInvocation.java:183)
	at org.springframework.aop.framework.ReflectiveMethodInvocation.proceed(ReflectiveMethodInvocation.java:150)
	at com.hundsun.network.melody.common.profiler.MethodProfileInterceptor.invokeWithProfile(MethodProfileInterceptor.java:36)
	at com.hundsun.network.melody.common.profiler.MethodProfileInterceptor.invoke(MethodProfileInterceptor.java:19)
	at org.springframework.aop.framework.ReflectiveMethodInvocation.proceed(ReflectiveMethodInvocation.java:172)
	at org.springframework.aop.framework.JdkDynamicAopProxy.invoke(JdkDynamicAopProxy.java:202)
	at sun.proxy.$Proxy241.getTransferList(Unknown Source)
	at com.huaixuan.network.web.action.product.ProductAction.getTransferList(ProductAction.java:1080)
	at sun.reflect.NativeMethodAccessorImpl.invoke0(Native Method)
	at sun.reflect.NativeMethodAccessorImpl.invoke(Unknown Source)
	at sun.reflect.DelegatingMethodAccessorImpl.invoke(Unknown Source)
	at java.lang.reflect.Method.invoke(Unknown Source)
	at org.springframework.web.bind.annotation.support.HandlerMethodInvoker.invokeHandlerMethod(HandlerMethodInvoker.java:176)
	at com.hundsun.network.melody.common.web.adapter.ExtendableAnnotationMethodHandlerAdapter.invokeHandlerMethod(ExtendableAnnotationMethodHandlerAdapter.java:472)
	at com.hundsun.network.melody.common.web.adapter.ExtendableAnnotationMethodHandlerAdapter.handle(ExtendableAnnotationMethodHandlerAdapter.java:445)
	at org.springframework.web.servlet.DispatcherServlet.doDispatch(DispatcherServlet.java:790)
	at org.springframework.web.servlet.DispatcherServlet.doService(DispatcherServlet.java:719)
	at org.springframework.web.servlet.FrameworkServlet.processRequest(FrameworkServlet.java:644)
	at org.springframework.web.servlet.FrameworkServlet.doPost(FrameworkServlet.java:560)
	at javax.servlet.http.HttpServlet.service(HttpServlet.java:650)
	at javax.servlet.http.HttpServlet.service(HttpServlet.java:731)
	at org.apache.catalina.core.ApplicationFilterChain.internalDoFilter(ApplicationFilterChain.java:303)
	at org.apache.catalina.core.ApplicationFilterChain.doFilter(ApplicationFilterChain.java:208)
	at org.apache.tomcat.websocket.server.WsFilter.doFilter(WsFilter.java:52)
	at org.apache.catalina.core.ApplicationFilterChain.internalDoFilter(ApplicationFilterChain.java:241)
	at org.apache.catalina.core.ApplicationFilterChain.doFilter(ApplicationFilterChain.java:208)
	at com.hundsun.network.melody.common.web.cookyjar.CookyjarFilter.doFilter(CookyjarFilter.java:57)
	at org.springframework.web.filter.DelegatingFilterProxy.invokeDelegate(DelegatingFilterProxy.java:237)
	at org.springframework.web.filter.DelegatingFilterProxy.doFilter(DelegatingFilterProxy.java:167)
	at org.apache.catalina.core.ApplicationFilterChain.internalDoFilter(ApplicationFilterChain.java:241)
	at org.apache.catalina.core.ApplicationFilterChain.doFilter(ApplicationFilterChain.java:208)
	at com.hundsun.network.melody.common.web.filter.ResponseOutputBufferFilter.doFilter(ResponseOutputBufferFilter.java:132)
	at org.springframework.web.filter.DelegatingFilterProxy.invokeDelegate(DelegatingFilterProxy.java:237)
	at org.springframework.web.filter.DelegatingFilterProxy.doFilter(DelegatingFilterProxy.java:167)
	at org.apache.catalina.core.ApplicationFilterChain.internalDoFilter(ApplicationFilterChain.java:241)
	at org.apache.catalina.core.ApplicationFilterChain.doFilter(ApplicationFilterChain.java:208)
	at com.hundsun.network.melody.common.web.filter.NoSessionFilter.doFilter(NoSessionFilter.java:37)
	at org.apache.catalina.core.ApplicationFilterChain.internalDoFilter(ApplicationFilterChain.java:241)
	at org.apache.catalina.core.ApplicationFilterChain.doFilter(ApplicationFilterChain.java:208)
	at com.hundsun.network.melody.common.profiler.PerformanceMonitorFilter.doFilterWithProfile(PerformanceMonitorFilter.java:55)
	at com.hundsun.network.melody.common.profiler.PerformanceMonitorFilter.doFilter(PerformanceMonitorFilter.java:41)
	at org.apache.catalina.core.ApplicationFilterChain.internalDoFilter(ApplicationFilterChain.java:241)
	at org.apache.catalina.core.ApplicationFilterChain.doFilter(ApplicationFilterChain.java:208)
	at org.springframework.web.filter.CharacterEncodingFilter.doFilterInternal(CharacterEncodingFilter.java:88)
	at org.springframework.web.filter.OncePerRequestFilter.doFilter(OncePerRequestFilter.java:76)
	at org.springframework.web.filter.DelegatingFilterProxy.invokeDelegate(DelegatingFilterProxy.java:237)
	at org.springframework.web.filter.DelegatingFilterProxy.doFilter(DelegatingFilterProxy.java:167)
	at org.apache.catalina.core.ApplicationFilterChain.internalDoFilter(ApplicationFilterChain.java:241)
	at org.apache.catalina.core.ApplicationFilterChain.doFilter(ApplicationFilterChain.java:208)
	at org.apache.catalina.core.StandardWrapperValve.invoke(StandardWrapperValve.java:219)
	at org.apache.catalina.core.StandardContextValve.invoke(StandardContextValve.java:110)
	at org.apache.catalina.core.StandardHostValve.invoke(StandardHostValve.java:169)
	at org.apache.catalina.valves.ErrorReportValve.invoke(ErrorReportValve.java:103)
	at org.apache.catalina.valves.AccessLogValve.invoke(AccessLogValve.java:962)
	at org.apache.catalina.core.StandardEngineValve.invoke(StandardEngineValve.java:116)
	at org.apache.catalina.connector.CoyoteAdapter.service(CoyoteAdapter.java:445)
	at org.apache.coyote.http11.AbstractHttp11Processor.process(AbstractHttp11Processor.java:1115)
	at org.apache.coyote.AbstractProtocol$AbstractConnectionHandler.process(AbstractProtocol.java:637)
	at org.apache.tomcat.util.net.JIoEndpoint$SocketProcessor.run(JIoEndpoint.java:318)
	at java.util.concurrent.ThreadPoolExecutor.runWorker(Unknown Source)
	at java.util.concurrent.ThreadPoolExecutor$Worker.run(Unknown Source)
	at org.apache.tomcat.util.threads.TaskThread$WrappingRunnable.run(TaskThread.java:61)
	at java.lang.Thread.run(Unknown Source)
Caused by: com.ibatis.common.jdbc.exception.NestedSQLException:   
--- The error occurred while applying a parameter map.  
--- Check the selectShowTranList-InlineParameterMap.  
--- Check the statement (query failed).  
--- Cause: com.mysql.jdbc.exceptions.MySQLSyntaxErrorException: Unknown column 'c.name' in 'field list'
	at com.ibatis.sqlmap.engine.mapping.statement.MappedStatement.executeQueryWithCallback(MappedStatement.java:201)
	at com.ibatis.sqlmap.engine.mapping.statement.MappedStatement.executeQueryForList(MappedStatement.java:139)
	at com.ibatis.sqlmap.engine.impl.SqlMapExecutorDelegate.queryForList(SqlMapExecutorDelegate.java:567)
	at com.ibatis.sqlmap.engine.impl.SqlMapExecutorDelegate.queryForList(SqlMapExecutorDelegate.java:541)
	at com.ibatis.sqlmap.engine.impl.SqlMapSessionImpl.queryForList(SqlMapSessionImpl.java:118)
	at org.springframework.orm.ibatis.SqlMapClientTemplate$3.doInSqlMapClient(SqlMapClientTemplate.java:295)
	at org.springframework.orm.ibatis.SqlMapClientTemplate$3.doInSqlMapClient(SqlMapClientTemplate.java:1)
	at org.springframework.orm.ibatis.SqlMapClientTemplate.execute(SqlMapClientTemplate.java:200)
	... 90 more
Caused by: com.mysql.jdbc.exceptions.MySQLSyntaxErrorException: Unknown column 'c.name' in 'field list'
	at com.mysql.jdbc.SQLError.createSQLException(SQLError.java:936)
	at com.mysql.jdbc.MysqlIO.checkErrorPacket(MysqlIO.java:2941)
	at com.mysql.jdbc.MysqlIO.sendCommand(MysqlIO.java:1623)
	at com.mysql.jdbc.MysqlIO.sqlQueryDirect(MysqlIO.java:1715)
	at com.mysql.jdbc.Connection.execSQL(Connection.java:3249)
	at com.mysql.jdbc.PreparedStatement.executeInternal(PreparedStatement.java:1268)
	at com.mysql.jdbc.PreparedStatement.execute(PreparedStatement.java:843)
	at org.apache.commons.dbcp.DelegatingPreparedStatement.execute(DelegatingPreparedStatement.java:169)
	at sun.reflect.NativeMethodAccessorImpl.invoke0(Native Method)
	at sun.reflect.NativeMethodAccessorImpl.invoke(Unknown Source)
	at sun.reflect.DelegatingMethodAccessorImpl.invoke(Unknown Source)
	at java.lang.reflect.Method.invoke(Unknown Source)
	at com.ibatis.common.jdbc.logging.PreparedStatementLogProxy.invoke(PreparedStatementLogProxy.java:62)
	at sun.proxy.$Proxy304.execute(Unknown Source)
	at com.ibatis.sqlmap.engine.execution.SqlExecutor.executeQuery(SqlExecutor.java:185)
	at com.ibatis.sqlmap.engine.mapping.statement.MappedStatement.sqlExecuteQuery(MappedStatement.java:221)
	at com.ibatis.sqlmap.engine.mapping.statement.MappedStatement.executeQueryWithCallback(MappedStatement.java:189)
	... 97 more
